<?xml version="1.0" encoding="UTF-8"?>
<testsuite xmlns:xsi="http://www.w3.org/2001/XMLSchema-instance" xsi:noNamespaceSchemaLocation="https://maven.apache.org/surefire/maven-surefire-plugin/xsd/surefire-test-report-3.0.xsd" version="3.0" name="CustomDispatchTest" time="0.06" tests="3" errors="0" skipped="0" failures="0">
  <properties>
[...]
</properties>
  <testcase name="ignoresOutOfServiceUnits" classname="CustomDispatchTest" time="0.036"/>
  <testcase name="tieBreaker_lowestUnitIdWins" classname="CustomDispatchTest" time="0.002"/>
  <testcase name="wrongUnitType_notAssigned" classname="CustomDispatchTest" time="0.001"/>
</testsuite>